<?xml version="1.0" encoding="UTF-8"?>
<!-- Generated by org.testng.reporters.JUnitReportReporter -->
<testsuite hostname="KURALGAUTHAM" failures="0" tests="3" name="org.testNG.Sample" time="66.671" errors="1" timestamp="27 May 2021 05:32:55 GMT" skipped="0">
  <testcase classname="org.testNG.Sample" name="tc0" time="42.016">
    <error message="session not created: This version of MSEdgeDriver only supports MSEdge version 90
Current browser version is 83.0.478.50 with binary path C:\Program Files (x86)\Microsoft\Edge\Application\msedge.exe
Build info: version: &#039;3.141.59&#039;, revision: &#039;e82be7d358&#039;, time: &#039;2018-11-14T08:25:53&#039;
System info: host: &#039;KURALGAUTHAM&#039;, ip: &#039;192.168.43.208&#039;, os.name: &#039;Windows 8.1&#039;, os.arch: &#039;amd64&#039;, os.version: &#039;6.3&#039;, java.version: &#039;15.0.1&#039;
Driver info: driver.version: EdgeDriver
remote stacktrace: Backtrace:
	Ordinal0 [0x00007FF6A4345CB2+4676786]
	Ordinal0 [0x00007FF6A3FED677+1169015]
	Ordinal0 [0x00007FF6A401631A+1336090]
	Ordinal0 [0x00007FF6A4012544+1320260]
	Ordinal0 [0x00007FF6A400BE29+1293865]
	Ordinal0 [0x00007FF6A404373B+1521467]
	Ordinal0 [0x00007FF6A403F2BF+1503935]
	Ordinal0 [0x00007FF6A4018061+1343585]
	Ordinal0 [0x00007FF6A401918B+1347979]
	Ordinal0 [0x00007FF6A40C0121+2031905]
	Ordinal0 [0x00007FF6A408C73E+1820478]
	Ordinal0 [0x00007FF6A4263224+3748388]
	Ordinal0 [0x00007FF6A408D10E+1822990]
	Ordinal0 [0x00007FF6A4358874+4753524]
	Ordinal0 [0x00007FF6A4358174+4751732]
	Ordinal0 [0x00007FF6A4357FBA+4751290]
	Ordinal0 [0x00007FF6A432FFD8+4587480]
	BaseThreadInitThunk [0x00007FF8ECA613F2+34]
	RtlUserThreadStart [0x00007FF8EF2154F4+52]
" type="org.openqa.selenium.SessionNotCreatedException">
      <![CDATA[org.openqa.selenium.SessionNotCreatedException: session not created: This version of MSEdgeDriver only supports MSEdge version 90
Current browser version is 83.0.478.50 with binary path C:\Program Files (x86)\Microsoft\Edge\Application\msedge.exe
Build info: version: '3.141.59', revision: 'e82be7d358', time: '2018-11-14T08:25:53'
System info: host: 'KURALGAUTHAM', ip: '192.168.43.208', os.name: 'Windows 8.1', os.arch: 'amd64', os.version: '6.3', java.version: '15.0.1'
Driver info: driver.version: EdgeDriver
remote stacktrace: Backtrace:
Ordinal0 [0x00007FF6A4345CB2+4676786]
Ordinal0 [0x00007FF6A3FED677+1169015]
Ordinal0 [0x00007FF6A401631A+1336090]
Ordinal0 [0x00007FF6A4012544+1320260]
Ordinal0 [0x00007FF6A400BE29+1293865]
Ordinal0 [0x00007FF6A404373B+1521467]
Ordinal0 [0x00007FF6A403F2BF+1503935]
Ordinal0 [0x00007FF6A4018061+1343585]
Ordinal0 [0x00007FF6A401918B+1347979]
Ordinal0 [0x00007FF6A40C0121+2031905]
Ordinal0 [0x00007FF6A408C73E+1820478]
Ordinal0 [0x00007FF6A4263224+3748388]
Ordinal0 [0x00007FF6A408D10E+1822990]
Ordinal0 [0x00007FF6A4358874+4753524]
Ordinal0 [0x00007FF6A4358174+4751732]
Ordinal0 [0x00007FF6A4357FBA+4751290]
Ordinal0 [0x00007FF6A432FFD8+4587480]
BaseThreadInitThunk [0x00007FF8ECA613F2+34]
RtlUserThreadStart [0x00007FF8EF2154F4+52]

at java.base/jdk.internal.reflect.NativeConstructorAccessorImpl.newInstance0(Native Method)
at java.base/jdk.internal.reflect.NativeConstructorAccessorImpl.newInstance(NativeConstructorAccessorImpl.java:64)
at java.base/jdk.internal.reflect.DelegatingConstructorAccessorImpl.newInstance(DelegatingConstructorAccessorImpl.java:45)
at java.base/java.lang.reflect.Constructor.newInstanceWithCaller(Constructor.java:500)
at java.base/java.lang.reflect.Constructor.newInstance(Constructor.java:481)
at org.openqa.selenium.remote.W3CHandshakeResponse.lambda$errorHandler$0(W3CHandshakeResponse.java:62)
at org.openqa.selenium.remote.HandshakeResponse.lambda$getResponseFunction$0(HandshakeResponse.java:30)
at org.openqa.selenium.remote.ProtocolHandshake.lambda$createSession$0(ProtocolHandshake.java:126)
at java.base/java.util.stream.ReferencePipeline$3$1.accept(ReferencePipeline.java:195)
at java.base/java.util.Spliterators$ArraySpliterator.tryAdvance(Spliterators.java:958)
at java.base/java.util.stream.ReferencePipeline.forEachWithCancel(ReferencePipeline.java:127)
at java.base/java.util.stream.AbstractPipeline.copyIntoWithCancel(AbstractPipeline.java:502)
at java.base/java.util.stream.AbstractPipeline.copyInto(AbstractPipeline.java:488)
at java.base/java.util.stream.AbstractPipeline.wrapAndCopyInto(AbstractPipeline.java:474)
at java.base/java.util.stream.FindOps$FindOp.evaluateSequential(FindOps.java:150)
at java.base/java.util.stream.AbstractPipeline.evaluate(AbstractPipeline.java:234)
at java.base/java.util.stream.ReferencePipeline.findFirst(ReferencePipeline.java:543)
at org.openqa.selenium.remote.ProtocolHandshake.createSession(ProtocolHandshake.java:128)
at org.openqa.selenium.remote.ProtocolHandshake.createSession(ProtocolHandshake.java:74)
at org.openqa.selenium.remote.HttpCommandExecutor.execute(HttpCommandExecutor.java:136)
at org.openqa.selenium.remote.service.DriverCommandExecutor.execute(DriverCommandExecutor.java:83)
at org.openqa.selenium.remote.RemoteWebDriver.execute(RemoteWebDriver.java:552)
at org.openqa.selenium.remote.RemoteWebDriver.startSession(RemoteWebDriver.java:213)
at org.openqa.selenium.remote.RemoteWebDriver.<init>(RemoteWebDriver.java:131)
at org.openqa.selenium.edge.EdgeDriver.<init>(EdgeDriver.java:141)
at org.openqa.selenium.edge.EdgeDriver.<init>(EdgeDriver.java:96)
at org.testNG.Sample.tc0(Sample.java:24)
at java.base/jdk.internal.reflect.NativeMethodAccessorImpl.invoke0(Native Method)
at java.base/jdk.internal.reflect.NativeMethodAccessorImpl.invoke(NativeMethodAccessorImpl.java:64)
at java.base/jdk.internal.reflect.DelegatingMethodAccessorImpl.invoke(DelegatingMethodAccessorImpl.java:43)
at java.base/java.lang.reflect.Method.invoke(Method.java:564)
at org.testng.internal.MethodInvocationHelper.invokeMethod(MethodInvocationHelper.java:124)
at org.testng.internal.Invoker.invokeMethod(Invoker.java:583)
at org.testng.internal.Invoker.invokeTestMethod(Invoker.java:719)
at org.testng.internal.Invoker.invokeTestMethods(Invoker.java:989)
at org.testng.internal.TestMethodWorker.invokeTestMethods(TestMethodWorker.java:125)
at org.testng.internal.TestMethodWorker.run(TestMethodWorker.java:109)
at org.testng.TestRunner.privateRun(TestRunner.java:648)
at org.testng.TestRunner.run(TestRunner.java:505)
at org.testng.SuiteRunner.runTest(SuiteRunner.java:455)
at org.testng.SuiteRunner.runSequentially(SuiteRunner.java:450)
at org.testng.SuiteRunner.privateRun(SuiteRunner.java:415)
at org.testng.SuiteRunner.run(SuiteRunner.java:364)
at org.testng.SuiteRunnerWorker.runSuite(SuiteRunnerWorker.java:52)
at org.testng.SuiteRunnerWorker.run(SuiteRunnerWorker.java:84)
at org.testng.TestNG.runSuitesSequentially(TestNG.java:1208)
at org.testng.TestNG.runSuitesLocally(TestNG.java:1137)
at org.testng.TestNG.runSuites(TestNG.java:1049)
at org.testng.TestNG.run(TestNG.java:1017)
at org.testng.remote.AbstractRemoteTestNG.run(AbstractRemoteTestNG.java:115)
at org.testng.remote.RemoteTestNG.initAndRun(RemoteTestNG.java:251)
at org.testng.remote.RemoteTestNG.main(RemoteTestNG.java:77)
]]>
    </error>
  </testcase> <!-- tc0 -->
  <testcase classname="org.testNG.Sample" name="tc0" time="0.051"/>
  <testcase classname="org.testNG.Sample" name="tc0" time="24.604"/>
</testsuite> <!-- org.testNG.Sample -->
